#0 building with "default" instance using docker driver

#1 [internal] load build definition from Dockerfile
#1 transferring dockerfile: 2.21kB done
#1 DONE 0.0s

#2 [internal] load metadata for docker.io/library/busybox:latest
#2 ...

#3 [internal] load metadata for container-registry.oracle.com/graalvm/jdk:25
#3 DONE 0.6s

#2 [internal] load metadata for docker.io/library/busybox:latest
#2 DONE 1.7s

#4 [internal] load .dockerignore
#4 transferring context: 2B done
#4 DONE 0.0s

#5 [internal] load build context
#5 DONE 0.0s

#6 [stage-1 1/9] FROM container-registry.oracle.com/graalvm/jdk:25@sha256:66643f7c43786dbb2af994dfe649f117bc6e3b50f4d698c8bc9b29181beeda0e
#6 resolve container-registry.oracle.com/graalvm/jdk:25@sha256:66643f7c43786dbb2af994dfe649f117bc6e3b50f4d698c8bc9b29181beeda0e
#6 resolve container-registry.oracle.com/graalvm/jdk:25@sha256:66643f7c43786dbb2af994dfe649f117bc6e3b50f4d698c8bc9b29181beeda0e 0.1s done
#6 sha256:66643f7c43786dbb2af994dfe649f117bc6e3b50f4d698c8bc9b29181beeda0e 683B / 683B done
#6 sha256:79bbbd336b94ffa8965e8350e7ded6939125bfb729c67b6680b5f2f6282a00dc 897B / 897B done
#6 sha256:73a36a4373f1bbe7f20515b8c76a8fb62bab7f59dcc913d0f1d28beb92cac069 2.87kB / 2.87kB done
#6 sha256:84befbee502190836d7079fd0ff197049330ba6d205971971a430b129cbcfe62 0B / 43.52MB 0.0s
#6 sha256:5ae9fa6fbcbc27f3454cb95cabfcdc27247c595a75068555c7d7f20597c6c920 0B / 93B 0.2s
#6 ...

#7 [downloader 5/6] ADD https://github.com/itzg/rcon-cli/releases/download/1.7.2/rcon-cli_1.7.2_linux_amd64.tar.gz rcon-cli.tar.gz
#7 DONE 0.5s

#8 [downloader 3/6] ADD https://github.com/itzg/mc-server-runner/releases/download/1.12.3/mc-server-runner_1.12.3_linux_amd64.tar.gz mc-server-runner.tar.gz
#8 DONE 0.7s

#6 [stage-1 1/9] FROM container-registry.oracle.com/graalvm/jdk:25@sha256:66643f7c43786dbb2af994dfe649f117bc6e3b50f4d698c8bc9b29181beeda0e
#6 ...

#8 [downloader 3/6] ADD https://github.com/itzg/mc-server-runner/releases/download/1.12.3/mc-server-runner_1.12.3_linux_amd64.tar.gz mc-server-runner.tar.gz
#8 DONE 0.7s

#7 [downloader 5/6] ADD https://github.com/itzg/rcon-cli/releases/download/1.7.2/rcon-cli_1.7.2_linux_amd64.tar.gz rcon-cli.tar.gz
#7 DONE 0.5s

#6 [stage-1 1/9] FROM container-registry.oracle.com/graalvm/jdk:25@sha256:66643f7c43786dbb2af994dfe649f117bc6e3b50f4d698c8bc9b29181beeda0e
#6 ...

#5 [internal] load build context
#5 transferring context: 116B done
#5 DONE 0.1s

#6 [stage-1 1/9] FROM container-registry.oracle.com/graalvm/jdk:25@sha256:66643f7c43786dbb2af994dfe649f117bc6e3b50f4d698c8bc9b29181beeda0e
#6 sha256:229b594a572c529085aa8c31156373c2ce9588c335c9028d53a407d3163c6831 0B / 322.33MB 0.6s
#6 ...

#9 [downloader 1/6] FROM docker.io/library/busybox:latest@sha256:e3652a00a2fabd16ce889f0aa32c38eec347b997e73bd09e69c962ec7f8732ee
#9 resolve docker.io/library/busybox:latest@sha256:e3652a00a2fabd16ce889f0aa32c38eec347b997e73bd09e69c962ec7f8732ee 0.1s done
#9 sha256:e3652a00a2fabd16ce889f0aa32c38eec347b997e73bd09e69c962ec7f8732ee 9.54kB / 9.54kB done
#9 sha256:870e815c3a50dd0f6b40efddb319c72c32c3ee340b5a3e8945904232ccd12f44 610B / 610B done
#9 sha256:08ef35a1c3f050afbbd64194ffd1b8d5878659f5491567f26d1c814513ae9649 459B / 459B done
#9 sha256:e59838ecfec5e79eb4371e9995ef86c8000fe1c67d7b9fa7b57e996d9ba772ff 2.21MB / 2.21MB 0.4s done
#9 extracting sha256:e59838ecfec5e79eb4371e9995ef86c8000fe1c67d7b9fa7b57e996d9ba772ff 0.1s done
#9 DONE 0.9s

#10 [downloader 2/6] WORKDIR /downloads
#10 DONE 0.1s

#6 [stage-1 1/9] FROM container-registry.oracle.com/graalvm/jdk:25@sha256:66643f7c43786dbb2af994dfe649f117bc6e3b50f4d698c8bc9b29181beeda0e
#6 sha256:5ae9fa6fbcbc27f3454cb95cabfcdc27247c595a75068555c7d7f20597c6c920 93B / 93B 0.8s done
#6 ...

#11 [downloader 3/6] ADD https://github.com/itzg/mc-server-runner/releases/download/1.12.3/mc-server-runner_1.12.3_linux_amd64.tar.gz mc-server-runner.tar.gz
#11 DONE 0.2s

#6 [stage-1 1/9] FROM container-registry.oracle.com/graalvm/jdk:25@sha256:66643f7c43786dbb2af994dfe649f117bc6e3b50f4d698c8bc9b29181beeda0e
#6 sha256:84befbee502190836d7079fd0ff197049330ba6d205971971a430b129cbcfe62 15.73MB / 43.52MB 1.1s
#6 sha256:84befbee502190836d7079fd0ff197049330ba6d205971971a430b129cbcfe62 20.97MB / 43.52MB 1.2s
#6 ...

#12 [downloader 4/6] RUN tar -xzf mc-server-runner.tar.gz && chmod +x mc-server-runner
#12 DONE 0.4s

#6 [stage-1 1/9] FROM container-registry.oracle.com/graalvm/jdk:25@sha256:66643f7c43786dbb2af994dfe649f117bc6e3b50f4d698c8bc9b29181beeda0e
#6 sha256:84befbee502190836d7079fd0ff197049330ba6d205971971a430b129cbcfe62 26.21MB / 43.52MB 1.3s
#6 sha256:229b594a572c529085aa8c31156373c2ce9588c335c9028d53a407d3163c6831 17.83MB / 322.33MB 1.3s
#6 sha256:84befbee502190836d7079fd0ff197049330ba6d205971971a430b129cbcfe62 37.75MB / 43.52MB 1.5s
#6 ...

#13 [downloader 5/6] ADD https://github.com/itzg/rcon-cli/releases/download/1.7.2/rcon-cli_1.7.2_linux_amd64.tar.gz rcon-cli.tar.gz
#13 DONE 0.2s

#6 [stage-1 1/9] FROM container-registry.oracle.com/graalvm/jdk:25@sha256:66643f7c43786dbb2af994dfe649f117bc6e3b50f4d698c8bc9b29181beeda0e
#6 sha256:84befbee502190836d7079fd0ff197049330ba6d205971971a430b129cbcfe62 42.99MB / 43.52MB 1.6s
#6 extracting sha256:84befbee502190836d7079fd0ff197049330ba6d205971971a430b129cbcfe62
#6 sha256:84befbee502190836d7079fd0ff197049330ba6d205971971a430b129cbcfe62 43.52MB / 43.52MB 1.7s done
#6 sha256:229b594a572c529085aa8c31156373c2ce9588c335c9028d53a407d3163c6831 34.60MB / 322.33MB 1.7s
#6 sha256:229b594a572c529085aa8c31156373c2ce9588c335c9028d53a407d3163c6831 51.38MB / 322.33MB 2.1s
#6 ...

#14 [downloader 6/6] RUN tar -xzf rcon-cli.tar.gz && chmod +x rcon-cli
#14 DONE 0.6s

#6 [stage-1 1/9] FROM container-registry.oracle.com/graalvm/jdk:25@sha256:66643f7c43786dbb2af994dfe649f117bc6e3b50f4d698c8bc9b29181beeda0e
#6 extracting sha256:84befbee502190836d7079fd0ff197049330ba6d205971971a430b129cbcfe62 0.7s done
#6 extracting sha256:5ae9fa6fbcbc27f3454cb95cabfcdc27247c595a75068555c7d7f20597c6c920
#6 extracting sha256:5ae9fa6fbcbc27f3454cb95cabfcdc27247c595a75068555c7d7f20597c6c920 0.1s done
#6 sha256:229b594a572c529085aa8c31156373c2ce9588c335c9028d53a407d3163c6831 68.16MB / 322.33MB 2.9s
#6 sha256:229b594a572c529085aa8c31156373c2ce9588c335c9028d53a407d3163c6831 84.93MB / 322.33MB 3.6s
#6 sha256:229b594a572c529085aa8c31156373c2ce9588c335c9028d53a407d3163c6831 101.71MB / 322.33MB 4.7s
#6 sha256:229b594a572c529085aa8c31156373c2ce9588c335c9028d53a407d3163c6831 120.59MB / 322.33MB 5.6s
#6 sha256:229b594a572c529085aa8c31156373c2ce9588c335c9028d53a407d3163c6831 138.41MB / 322.33MB 6.1s
#6 sha256:229b594a572c529085aa8c31156373c2ce9588c335c9028d53a407d3163c6831 156.24MB / 322.33MB 6.6s
#6 sha256:229b594a572c529085aa8c31156373c2ce9588c335c9028d53a407d3163c6831 173.02MB / 322.33MB 7.4s
#6 sha256:229b594a572c529085aa8c31156373c2ce9588c335c9028d53a407d3163c6831 195.04MB / 322.33MB 8.4s
#6 sha256:229b594a572c529085aa8c31156373c2ce9588c335c9028d53a407d3163c6831 213.91MB / 322.33MB 9.1s
#6 sha256:229b594a572c529085aa8c31156373c2ce9588c335c9028d53a407d3163c6831 231.74MB / 322.33MB 9.7s
#6 sha256:229b594a572c529085aa8c31156373c2ce9588c335c9028d53a407d3163c6831 248.51MB / 322.33MB 10.5s
#6 sha256:229b594a572c529085aa8c31156373c2ce9588c335c9028d53a407d3163c6831 267.39MB / 322.33MB 11.4s
#6 sha256:229b594a572c529085aa8c31156373c2ce9588c335c9028d53a407d3163c6831 284.16MB / 322.33MB 12.0s
#6 sha256:229b594a572c529085aa8c31156373c2ce9588c335c9028d53a407d3163c6831 300.94MB / 322.33MB 12.8s
#6 sha256:229b594a572c529085aa8c31156373c2ce9588c335c9028d53a407d3163c6831 318.77MB / 322.33MB 13.3s
#6 sha256:229b594a572c529085aa8c31156373c2ce9588c335c9028d53a407d3163c6831 322.33MB / 322.33MB 13.5s done
#6 extracting sha256:229b594a572c529085aa8c31156373c2ce9588c335c9028d53a407d3163c6831
#6 extracting sha256:229b594a572c529085aa8c31156373c2ce9588c335c9028d53a407d3163c6831 3.3s done
#6 DONE 17.4s

#15 [stage-1 2/9] RUN groupadd -g 25565 minecraft   && useradd -u 25565 -g minecraft -m -s /bin/bash minecraft
#15 DONE 0.8s

#16 [stage-1 3/9] RUN mkdir -p /data /opt /scripts   && chown -R minecraft:minecraft /data
#16 DONE 0.7s

#17 [stage-1 4/9] COPY --from=downloader /downloads/mc-server-runner /usr/local/bin/mc-server-runner
#17 DONE 0.2s

#18 [stage-1 5/9] COPY --from=downloader /downloads/rcon-cli /usr/local/bin/rcon-cli
#18 DONE 0.2s

#19 [stage-1 6/9] COPY scripts/entrypoint.sh /scripts/entrypoint.sh
#19 DONE 0.1s

#20 [stage-1 7/9] COPY scripts/mc-send-to-console /usr/local/bin/mc-send-to-console
#20 DONE 0.2s

#21 [stage-1 8/9] RUN chmod +x /scripts/entrypoint.sh /usr/local/bin/mc-send-to-console
#21 DONE 0.5s

#22 [stage-1 9/9] WORKDIR /data
#22 DONE 0.2s

#23 exporting to image
#23 exporting layers
#23 exporting layers 0.6s done
#23 writing image sha256:e6de073a369e3dcb73a47704f9f9ed34d08cafabc89a2b336e747658704bac0c done
#23 naming to docker.io/library/mc-server-container:test 0.0s done
#23 DONE 0.7s
